<?xml version="1.0" encoding="UTF-8"?>
<!-- Generated by org.testng.reporters.JUnitXMLReporter -->
<testsuite ignored="0" hostname="LAPTOP-7HPSF2VF" failures="0" tests="4" name="chromeTest" time="21.553" errors="0" timestamp="2022-10-09T10:10:21 IST">
  <testcase classname="com.sauceddemo.testclass.TextBase_Class" name="@BeforeMethod setup" time="5.57">
    <failure type="java.io.FileNotFoundException" message=".\ScreenShotFolder\SauceDemo\10-09-22 &amp;amp; 10-10-04.jpg (The system cannot find the path specified)">
      <![CDATA[java.io.FileNotFoundException: .\ScreenShotFolder\SauceDemo\10-09-22 & 10-10-04.jpg (The system cannot find the path specified)
at java.base/java.io.FileOutputStream.open0(Native Method)
at java.base/java.io.FileOutputStream.open(FileOutputStream.java:293)
at java.base/java.io.FileOutputStream.<init>(FileOutputStream.java:235)
at java.base/java.io.FileOutputStream.<init>(FileOutputStream.java:184)
at org.openqa.selenium.io.FileHandler.copyFile(FileHandler.java:136)
at org.openqa.selenium.io.FileHandler.copy(FileHandler.java:115)
at com.Screenshot_utility.Screenshotclass.takescreenshot(Screenshotclass.java:27)
at com.sauceddemo.testclass.TextBase_Class.setup(TextBase_Class.java:48)
at java.base/java.util.ArrayList.forEach(ArrayList.java:1511)
... Removed 29 stack frames]]>
    </failure>
  </testcase> <!-- @BeforeMethod setup -->
  <testcase classname="com.sauceddemo.testclass.TextBase_Class" name="@AfterMethod aftermethod" time="-1.665290405147E9">
    <skipped/>
  </testcase> <!-- @AfterMethod aftermethod -->
  <testcase classname="com.sauceddemo.testclass.TextBase_Class" name="@BeforeMethod setup" time="4.865">
    <failure type="java.io.FileNotFoundException" message=".\ScreenShotFolder\SauceDemo\10-09-22 &amp;amp; 10-10-09.jpg (The system cannot find the path specified)">
      <![CDATA[java.io.FileNotFoundException: .\ScreenShotFolder\SauceDemo\10-09-22 & 10-10-09.jpg (The system cannot find the path specified)
at java.base/java.io.FileOutputStream.open0(Native Method)
at java.base/java.io.FileOutputStream.open(FileOutputStream.java:293)
at java.base/java.io.FileOutputStream.<init>(FileOutputStream.java:235)
at java.base/java.io.FileOutputStream.<init>(FileOutputStream.java:184)
at org.openqa.selenium.io.FileHandler.copyFile(FileHandler.java:136)
at org.openqa.selenium.io.FileHandler.copy(FileHandler.java:115)
at com.Screenshot_utility.Screenshotclass.takescreenshot(Screenshotclass.java:27)
at com.sauceddemo.testclass.TextBase_Class.setup(TextBase_Class.java:48)
at java.base/java.util.ArrayList.forEach(ArrayList.java:1511)
... Removed 29 stack frames]]>
    </failure>
  </testcase> <!-- @BeforeMethod setup -->
  <testcase classname="com.sauceddemo.testclass.TextBase_Class" name="@AfterMethod aftermethod" time="-1.665290410033E9">
    <skipped/>
  </testcase> <!-- @AfterMethod aftermethod -->
  <testcase classname="com.sauceddemo.testclass.TextBase_Class" name="@BeforeMethod setup" time="4.829">
    <failure type="java.io.FileNotFoundException" message=".\ScreenShotFolder\SauceDemo\10-09-22 &amp;amp; 10-10-14.jpg (The system cannot find the path specified)">
      <![CDATA[java.io.FileNotFoundException: .\ScreenShotFolder\SauceDemo\10-09-22 & 10-10-14.jpg (The system cannot find the path specified)
at java.base/java.io.FileOutputStream.open0(Native Method)
at java.base/java.io.FileOutputStream.open(FileOutputStream.java:293)
at java.base/java.io.FileOutputStream.<init>(FileOutputStream.java:235)
at java.base/java.io.FileOutputStream.<init>(FileOutputStream.java:184)
at org.openqa.selenium.io.FileHandler.copyFile(FileHandler.java:136)
at org.openqa.selenium.io.FileHandler.copy(FileHandler.java:115)
at com.Screenshot_utility.Screenshotclass.takescreenshot(Screenshotclass.java:27)
at com.sauceddemo.testclass.TextBase_Class.setup(TextBase_Class.java:48)
at java.base/java.util.ArrayList.forEach(ArrayList.java:1511)
... Removed 29 stack frames]]>
    </failure>
  </testcase> <!-- @BeforeMethod setup -->
  <testcase classname="com.sauceddemo.testclass.TextBase_Class" name="@AfterMethod aftermethod" time="-1.665290414875E9">
    <skipped/>
  </testcase> <!-- @AfterMethod aftermethod -->
  <testcase classname="com.sauceddemo.testclass.TextBase_Class" name="@BeforeMethod setup" time="6.168">
    <failure type="java.io.FileNotFoundException" message=".\ScreenShotFolder\SauceDemo\10-09-22 &amp;amp; 10-10-20.jpg (The system cannot find the path specified)">
      <![CDATA[java.io.FileNotFoundException: .\ScreenShotFolder\SauceDemo\10-09-22 & 10-10-20.jpg (The system cannot find the path specified)
at java.base/java.io.FileOutputStream.open0(Native Method)
at java.base/java.io.FileOutputStream.open(FileOutputStream.java:293)
at java.base/java.io.FileOutputStream.<init>(FileOutputStream.java:235)
at java.base/java.io.FileOutputStream.<init>(FileOutputStream.java:184)
at org.openqa.selenium.io.FileHandler.copyFile(FileHandler.java:136)
at org.openqa.selenium.io.FileHandler.copy(FileHandler.java:115)
at com.Screenshot_utility.Screenshotclass.takescreenshot(Screenshotclass.java:27)
at com.sauceddemo.testclass.TextBase_Class.setup(TextBase_Class.java:48)
at java.base/java.util.ArrayList.forEach(ArrayList.java:1511)
... Removed 29 stack frames]]>
    </failure>
  </testcase> <!-- @BeforeMethod setup -->
  <testcase classname="com.sauceddemo.testclass.TextBase_Class" name="@AfterMethod aftermethod" time="-1.665290421054E9">
    <skipped/>
  </testcase> <!-- @AfterMethod aftermethod -->
  <testcase classname="com.sauceddemo.testclass.TC_01_verifyloginfunctionality" name="loginfunctionality" time="0.0">
    <skipped/>
  </testcase> <!-- loginfunctionality -->
  <testcase classname="com.sauceddemo.testclass.TC_02_verify_LogOut_Functionality" name="verifylogout" time="0.0">
    <skipped/>
  </testcase> <!-- verifylogout -->
  <testcase classname="com.sauceddemo.testclass.TC_03_Verify_Addtokart_functionality" name="verifyaddtocart" time="0.0">
    <skipped/>
  </testcase> <!-- verifyaddtocart -->
  <testcase classname="com.sauceddemo.testclass.TC_04_Multiple_Product_Add_Functionality" name="verifymultipleaddtocart" time="0.0">
    <skipped/>
  </testcase> <!-- verifymultipleaddtocart -->
</testsuite> <!-- chromeTest -->
