<!DOCTYPE html PUBLIC "-//W3C//DTD XHTML 1.1//EN" "https://www.w3.org/TR/xhtml11/DTD/xhtml11.dtd">
<html xmlns="https://www.w3.org/1999/xhtml">
<head>
<meta http-equiv="content-type" content="text/html; charset=UTF-8"/>
<title>TestNG Report</title>
<style type="text/css">table {margin-bottom:10px;border-collapse:collapse;empty-cells:show}th,td {border:1px solid #009;padding:.25em .5em}th {vertical-align:bottom}td {vertical-align:top}table a {font-weight:bold}.stripe td {background-color: #E6EBF9}.num {text-align:right}.passedodd td {background-color: #3F3}.passedeven td {background-color: #0A0}.skippedodd td {background-color: #DDD}.skippedeven td {background-color: #CCC}.failedodd td,.attn {background-color: #F33}.failedeven td,.stripe .attn {background-color: #D00}.stacktrace {white-space:pre;font-family:monospace}.totop {font-size:85%;text-align:center;border-bottom:2px solid #000}.invisible {display:none}</style>
</head>
<body>
<table>
<tr><th>Test</th><th># Passed</th><th># Skipped</th><th># Retried</th><th># Failed</th><th>Time (ms)</th><th>Included Groups</th><th>Excluded Groups</th></tr>
<tr><th colspan="8">Suite</th></tr>
<tr><td><a href="#t0">chromeTest</a></td><td class="num">0</td><td class="num attn">4</td><td class="num">0</td><td class="num">0</td><td class="num">21,553</td><td></td><td></td></tr>
</table>
<table id='summary'><thead><tr><th>Class</th><th>Method</th><th>Start</th><th>Time (ms)</th></tr></thead><tbody><tr><th colspan="4">Suite</th></tr></tbody><tbody id="t0"><tr><th colspan="4">chromeTest &#8212; failed (configuration methods)</th></tr><tr class="failedeven"><td rowspan="1">com.sauceddemo.testclass.TC_01_verifyloginfunctionality</td><td><a href="#m0">setup</a></td><td rowspan="1">1665290399551</td><td rowspan="1">5570</td></tr><tr class="failedodd"><td rowspan="1">com.sauceddemo.testclass.TC_02_verify_LogOut_Functionality</td><td><a href="#m1">setup</a></td><td rowspan="1">1665290405155</td><td rowspan="1">4865</td></tr><tr class="failedeven"><td rowspan="1">com.sauceddemo.testclass.TC_03_Verify_Addtokart_functionality</td><td><a href="#m2">setup</a></td><td rowspan="1">1665290410038</td><td rowspan="1">4829</td></tr><tr class="failedodd"><td rowspan="1">com.sauceddemo.testclass.TC_04_Multiple_Product_Add_Functionality</td><td><a href="#m3">setup</a></td><td rowspan="1">1665290414878</td><td rowspan="1">6168</td></tr><tr><th colspan="4">chromeTest &#8212; skipped (configuration methods)</th></tr><tr class="skippedeven"><td rowspan="1">com.sauceddemo.testclass.TC_01_verifyloginfunctionality</td><td><a href="#m4">aftermethod</a></td><td rowspan="1">1665290405147</td><td rowspan="1">-1665290405147</td></tr><tr class="skippedodd"><td rowspan="1">com.sauceddemo.testclass.TC_02_verify_LogOut_Functionality</td><td><a href="#m5">aftermethod</a></td><td rowspan="1">1665290410033</td><td rowspan="1">-1665290410033</td></tr><tr class="skippedeven"><td rowspan="1">com.sauceddemo.testclass.TC_03_Verify_Addtokart_functionality</td><td><a href="#m6">aftermethod</a></td><td rowspan="1">1665290414875</td><td rowspan="1">-1665290414875</td></tr><tr class="skippedodd"><td rowspan="1">com.sauceddemo.testclass.TC_04_Multiple_Product_Add_Functionality</td><td><a href="#m7">aftermethod</a></td><td rowspan="1">1665290421054</td><td rowspan="1">-1665290421054</td></tr><tr><th colspan="4">chromeTest &#8212; skipped</th></tr><tr class="skippedeven"><td rowspan="1">com.sauceddemo.testclass.TC_01_verifyloginfunctionality</td><td><a href="#m8">loginfunctionality</a></td><td rowspan="1">1665290405141</td><td rowspan="1">0</td></tr><tr class="skippedodd"><td rowspan="1">com.sauceddemo.testclass.TC_02_verify_LogOut_Functionality</td><td><a href="#m9">verifylogout</a></td><td rowspan="1">1665290410027</td><td rowspan="1">0</td></tr><tr class="skippedeven"><td rowspan="1">com.sauceddemo.testclass.TC_03_Verify_Addtokart_functionality</td><td><a href="#m10">verifyaddtocart</a></td><td rowspan="1">1665290414869</td><td rowspan="1">0</td></tr><tr class="skippedodd"><td rowspan="1">com.sauceddemo.testclass.TC_04_Multiple_Product_Add_Functionality</td><td><a href="#m11">verifymultipleaddtocart</a></td><td rowspan="1">1665290421049</td><td rowspan="1">0</td></tr></tbody>
</table>
<h2>chromeTest</h2><h3 id="m0">com.sauceddemo.testclass.TC_01_verifyloginfunctionality#setup</h3><table class="result"><tr class="param"><th>Parameter #1</th></tr><tr class="param stripe"><td>chrome</td></tr><tr><th>Exception</th></tr><tr><td><div class="stacktrace">java.io.FileNotFoundException: .\ScreenShotFolder\SauceDemo\10-09-22 &amp; 10-10-04.jpg (The system cannot find the path specified)
	at java.base/java.io.FileOutputStream.open0(Native Method)
	at java.base/java.io.FileOutputStream.open(FileOutputStream.java:293)
	at java.base/java.io.FileOutputStream.&lt;init&gt;(FileOutputStream.java:235)
	at java.base/java.io.FileOutputStream.&lt;init&gt;(FileOutputStream.java:184)
	at org.openqa.selenium.io.FileHandler.copyFile(FileHandler.java:136)
	at org.openqa.selenium.io.FileHandler.copy(FileHandler.java:115)
	at com.Screenshot_utility.Screenshotclass.takescreenshot(Screenshotclass.java:27)
	at com.sauceddemo.testclass.TextBase_Class.setup(TextBase_Class.java:48)
	at java.base/java.util.ArrayList.forEach(ArrayList.java:1511)
... Removed 29 stack frames</div></td></tr></table><p class="totop"><a href="#summary">back to summary</a></p>
<h3 id="m1">com.sauceddemo.testclass.TC_02_verify_LogOut_Functionality#setup</h3><table class="result"><tr class="param"><th>Parameter #1</th></tr><tr class="param stripe"><td>chrome</td></tr><tr><th>Exception</th></tr><tr><td><div class="stacktrace">java.io.FileNotFoundException: .\ScreenShotFolder\SauceDemo\10-09-22 &amp; 10-10-09.jpg (The system cannot find the path specified)
	at java.base/java.io.FileOutputStream.open0(Native Method)
	at java.base/java.io.FileOutputStream.open(FileOutputStream.java:293)
	at java.base/java.io.FileOutputStream.&lt;init&gt;(FileOutputStream.java:235)
	at java.base/java.io.FileOutputStream.&lt;init&gt;(FileOutputStream.java:184)
	at org.openqa.selenium.io.FileHandler.copyFile(FileHandler.java:136)
	at org.openqa.selenium.io.FileHandler.copy(FileHandler.java:115)
	at com.Screenshot_utility.Screenshotclass.takescreenshot(Screenshotclass.java:27)
	at com.sauceddemo.testclass.TextBase_Class.setup(TextBase_Class.java:48)
	at java.base/java.util.ArrayList.forEach(ArrayList.java:1511)
... Removed 29 stack frames</div></td></tr></table><p class="totop"><a href="#summary">back to summary</a></p>
<h3 id="m2">com.sauceddemo.testclass.TC_03_Verify_Addtokart_functionality#setup</h3><table class="result"><tr class="param"><th>Parameter #1</th></tr><tr class="param stripe"><td>chrome</td></tr><tr><th>Exception</th></tr><tr><td><div class="stacktrace">java.io.FileNotFoundException: .\ScreenShotFolder\SauceDemo\10-09-22 &amp; 10-10-14.jpg (The system cannot find the path specified)
	at java.base/java.io.FileOutputStream.open0(Native Method)
	at java.base/java.io.FileOutputStream.open(FileOutputStream.java:293)
	at java.base/java.io.FileOutputStream.&lt;init&gt;(FileOutputStream.java:235)
	at java.base/java.io.FileOutputStream.&lt;init&gt;(FileOutputStream.java:184)
	at org.openqa.selenium.io.FileHandler.copyFile(FileHandler.java:136)
	at org.openqa.selenium.io.FileHandler.copy(FileHandler.java:115)
	at com.Screenshot_utility.Screenshotclass.takescreenshot(Screenshotclass.java:27)
	at com.sauceddemo.testclass.TextBase_Class.setup(TextBase_Class.java:48)
	at java.base/java.util.ArrayList.forEach(ArrayList.java:1511)
... Removed 29 stack frames</div></td></tr></table><p class="totop"><a href="#summary">back to summary</a></p>
<h3 id="m3">com.sauceddemo.testclass.TC_04_Multiple_Product_Add_Functionality#setup</h3><table class="result"><tr class="param"><th>Parameter #1</th></tr><tr class="param stripe"><td>chrome</td></tr><tr><th>Exception</th></tr><tr><td><div class="stacktrace">java.io.FileNotFoundException: .\ScreenShotFolder\SauceDemo\10-09-22 &amp; 10-10-20.jpg (The system cannot find the path specified)
	at java.base/java.io.FileOutputStream.open0(Native Method)
	at java.base/java.io.FileOutputStream.open(FileOutputStream.java:293)
	at java.base/java.io.FileOutputStream.&lt;init&gt;(FileOutputStream.java:235)
	at java.base/java.io.FileOutputStream.&lt;init&gt;(FileOutputStream.java:184)
	at org.openqa.selenium.io.FileHandler.copyFile(FileHandler.java:136)
	at org.openqa.selenium.io.FileHandler.copy(FileHandler.java:115)
	at com.Screenshot_utility.Screenshotclass.takescreenshot(Screenshotclass.java:27)
	at com.sauceddemo.testclass.TextBase_Class.setup(TextBase_Class.java:48)
	at java.base/java.util.ArrayList.forEach(ArrayList.java:1511)
... Removed 29 stack frames</div></td></tr></table><p class="totop"><a href="#summary">back to summary</a></p>
<h3 id="m4">com.sauceddemo.testclass.TC_01_verifyloginfunctionality#aftermethod</h3><table class="result"><tr><th class="invisible"/></tr></table><p class="totop"><a href="#summary">back to summary</a></p>
<h3 id="m5">com.sauceddemo.testclass.TC_02_verify_LogOut_Functionality#aftermethod</h3><table class="result"><tr><th class="invisible"/></tr></table><p class="totop"><a href="#summary">back to summary</a></p>
<h3 id="m6">com.sauceddemo.testclass.TC_03_Verify_Addtokart_functionality#aftermethod</h3><table class="result"><tr><th class="invisible"/></tr></table><p class="totop"><a href="#summary">back to summary</a></p>
<h3 id="m7">com.sauceddemo.testclass.TC_04_Multiple_Product_Add_Functionality#aftermethod</h3><table class="result"><tr><th class="invisible"/></tr></table><p class="totop"><a href="#summary">back to summary</a></p>
<h3 id="m8">com.sauceddemo.testclass.TC_01_verifyloginfunctionality#loginfunctionality</h3><table class="result"><tr><th>Exception</th></tr><tr><td><div class="stacktrace">java.io.FileNotFoundException: .\ScreenShotFolder\SauceDemo\10-09-22 &amp; 10-10-04.jpg (The system cannot find the path specified)
	at java.base/java.io.FileOutputStream.open0(Native Method)
	at java.base/java.io.FileOutputStream.open(FileOutputStream.java:293)
	at java.base/java.io.FileOutputStream.&lt;init&gt;(FileOutputStream.java:235)
	at java.base/java.io.FileOutputStream.&lt;init&gt;(FileOutputStream.java:184)
	at org.openqa.selenium.io.FileHandler.copyFile(FileHandler.java:136)
	at org.openqa.selenium.io.FileHandler.copy(FileHandler.java:115)
	at com.Screenshot_utility.Screenshotclass.takescreenshot(Screenshotclass.java:27)
	at com.sauceddemo.testclass.TextBase_Class.setup(TextBase_Class.java:48)
	at java.base/java.util.ArrayList.forEach(ArrayList.java:1511)
... Removed 29 stack frames</div></td></tr></table><p class="totop"><a href="#summary">back to summary</a></p>
<h3 id="m9">com.sauceddemo.testclass.TC_02_verify_LogOut_Functionality#verifylogout</h3><table class="result"><tr><th>Exception</th></tr><tr><td><div class="stacktrace">java.io.FileNotFoundException: .\ScreenShotFolder\SauceDemo\10-09-22 &amp; 10-10-09.jpg (The system cannot find the path specified)
	at java.base/java.io.FileOutputStream.open0(Native Method)
	at java.base/java.io.FileOutputStream.open(FileOutputStream.java:293)
	at java.base/java.io.FileOutputStream.&lt;init&gt;(FileOutputStream.java:235)
	at java.base/java.io.FileOutputStream.&lt;init&gt;(FileOutputStream.java:184)
	at org.openqa.selenium.io.FileHandler.copyFile(FileHandler.java:136)
	at org.openqa.selenium.io.FileHandler.copy(FileHandler.java:115)
	at com.Screenshot_utility.Screenshotclass.takescreenshot(Screenshotclass.java:27)
	at com.sauceddemo.testclass.TextBase_Class.setup(TextBase_Class.java:48)
	at java.base/java.util.ArrayList.forEach(ArrayList.java:1511)
... Removed 29 stack frames</div></td></tr></table><p class="totop"><a href="#summary">back to summary</a></p>
<h3 id="m10">com.sauceddemo.testclass.TC_03_Verify_Addtokart_functionality#verifyaddtocart</h3><table class="result"><tr><th>Exception</th></tr><tr><td><div class="stacktrace">java.io.FileNotFoundException: .\ScreenShotFolder\SauceDemo\10-09-22 &amp; 10-10-14.jpg (The system cannot find the path specified)
	at java.base/java.io.FileOutputStream.open0(Native Method)
	at java.base/java.io.FileOutputStream.open(FileOutputStream.java:293)
	at java.base/java.io.FileOutputStream.&lt;init&gt;(FileOutputStream.java:235)
	at java.base/java.io.FileOutputStream.&lt;init&gt;(FileOutputStream.java:184)
	at org.openqa.selenium.io.FileHandler.copyFile(FileHandler.java:136)
	at org.openqa.selenium.io.FileHandler.copy(FileHandler.java:115)
	at com.Screenshot_utility.Screenshotclass.takescreenshot(Screenshotclass.java:27)
	at com.sauceddemo.testclass.TextBase_Class.setup(TextBase_Class.java:48)
	at java.base/java.util.ArrayList.forEach(ArrayList.java:1511)
... Removed 29 stack frames</div></td></tr></table><p class="totop"><a href="#summary">back to summary</a></p>
<h3 id="m11">com.sauceddemo.testclass.TC_04_Multiple_Product_Add_Functionality#verifymultipleaddtocart</h3><table class="result"><tr><th>Exception</th></tr><tr><td><div class="stacktrace">java.io.FileNotFoundException: .\ScreenShotFolder\SauceDemo\10-09-22 &amp; 10-10-20.jpg (The system cannot find the path specified)
	at java.base/java.io.FileOutputStream.open0(Native Method)
	at java.base/java.io.FileOutputStream.open(FileOutputStream.java:293)
	at java.base/java.io.FileOutputStream.&lt;init&gt;(FileOutputStream.java:235)
	at java.base/java.io.FileOutputStream.&lt;init&gt;(FileOutputStream.java:184)
	at org.openqa.selenium.io.FileHandler.copyFile(FileHandler.java:136)
	at org.openqa.selenium.io.FileHandler.copy(FileHandler.java:115)
	at com.Screenshot_utility.Screenshotclass.takescreenshot(Screenshotclass.java:27)
	at com.sauceddemo.testclass.TextBase_Class.setup(TextBase_Class.java:48)
	at java.base/java.util.ArrayList.forEach(ArrayList.java:1511)
... Removed 29 stack frames</div></td></tr></table><p class="totop"><a href="#summary">back to summary</a></p>
</body>
</html>
